[0.066s] DEBUG:colcon:Command line arguments: ['/usr/bin/colcon', 'build', '--symlink-install', '--packages-select', 'robotic_arm']
[0.066s] DEBUG:colcon:Parsed command line arguments: Namespace(log_base=None, log_level=None, verb_name='build', build_base='build', install_base='install', merge_install=False, symlink_install=True, test_result_base=None, continue_on_error=False, executor='parallel', parallel_workers=12, event_handlers=None, ignore_user_meta=False, metas=['./colcon.meta'], base_paths=['.'], packages_ignore=None, packages_ignore_regex=None, paths=None, packages_up_to=None, packages_up_to_regex=None, packages_above=None, packages_above_and_dependencies=None, packages_above_depth=None, packages_select_by_dep=None, packages_skip_by_dep=None, packages_skip_up_to=None, packages_select_build_failed=False, packages_skip_build_finished=False, packages_select_test_failures=False, packages_skip_test_passed=False, packages_select=['robotic_arm'], packages_skip=None, packages_select_regex=None, packages_skip_regex=None, packages_start=None, packages_end=None, cmake_args=None, cmake_target=None, cmake_target_skip_unavailable=False, cmake_clean_cache=False, cmake_clean_first=False, cmake_force_configure=False, ament_cmake_args=None, catkin_cmake_args=None, catkin_skip_building_tests=False, mixin_files=None, mixin=None, verb_parser=<colcon_mixin.mixin.mixin_argument.MixinArgumentDecorator object at 0x7f7122ebffa0>, verb_extension=<colcon_core.verb.build.BuildVerb object at 0x7f7122ebf910>, main=<bound method BuildVerb.main of <colcon_core.verb.build.BuildVerb object at 0x7f7122ebf910>>, mixin_verb=('build',))
[0.156s] Level 1:colcon.colcon_core.package_discovery:discover_packages(colcon_meta) check parameters
[0.156s] Level 1:colcon.colcon_core.package_discovery:discover_packages(recursive) check parameters
[0.156s] Level 1:colcon.colcon_core.package_discovery:discover_packages(ignore) check parameters
[0.156s] Level 1:colcon.colcon_core.package_discovery:discover_packages(path) check parameters
[0.156s] Level 1:colcon.colcon_core.package_discovery:discover_packages(colcon_meta) discover
[0.156s] Level 1:colcon.colcon_core.package_discovery:discover_packages(recursive) discover
[0.156s] INFO:colcon.colcon_core.package_discovery:Crawling recursively for packages in '/workspaces/robotic_arm'
[0.156s] Level 1:colcon.colcon_core.package_identification:_identify(.) by extensions ['ignore', 'ignore_ament_install']
[0.156s] Level 1:colcon.colcon_core.package_identification:_identify(.) by extension 'ignore'
[0.156s] Level 1:colcon.colcon_core.package_identification:_identify(.) by extension 'ignore_ament_install'
[0.156s] Level 1:colcon.colcon_core.package_identification:_identify(.) by extensions ['colcon_pkg']
[0.157s] Level 1:colcon.colcon_core.package_identification:_identify(.) by extension 'colcon_pkg'
[0.157s] Level 1:colcon.colcon_core.package_identification:_identify(.) by extensions ['colcon_meta']
[0.157s] Level 1:colcon.colcon_core.package_identification:_identify(.) by extension 'colcon_meta'
[0.157s] Level 1:colcon.colcon_core.package_identification:_identify(.) by extensions ['ros']
[0.157s] Level 1:colcon.colcon_core.package_identification:_identify(.) by extension 'ros'
[0.164s] Level 1:colcon.colcon_core.package_identification:_identify(.) by extensions ['cmake', 'python']
[0.164s] Level 1:colcon.colcon_core.package_identification:_identify(.) by extension 'cmake'
[0.164s] Level 1:colcon.colcon_core.package_identification:_identify(.) by extension 'python'
[0.164s] Level 1:colcon.colcon_core.package_identification:_identify(.) by extensions ['python_setup_py']
[0.164s] Level 1:colcon.colcon_core.package_identification:_identify(.) by extension 'python_setup_py'
[0.165s] Level 1:colcon.colcon_core.package_identification:_identify(build) by extensions ['ignore', 'ignore_ament_install']
[0.165s] Level 1:colcon.colcon_core.package_identification:_identify(build) by extension 'ignore'
[0.165s] Level 1:colcon.colcon_core.package_identification:_identify(build) ignored
[0.165s] Level 1:colcon.colcon_core.package_identification:_identify(install) by extensions ['ignore', 'ignore_ament_install']
[0.165s] Level 1:colcon.colcon_core.package_identification:_identify(install) by extension 'ignore'
[0.165s] Level 1:colcon.colcon_core.package_identification:_identify(install) ignored
[0.165s] Level 1:colcon.colcon_core.package_identification:_identify(journal) by extensions ['ignore', 'ignore_ament_install']
[0.165s] Level 1:colcon.colcon_core.package_identification:_identify(journal) by extension 'ignore'
[0.165s] Level 1:colcon.colcon_core.package_identification:_identify(journal) by extension 'ignore_ament_install'
[0.165s] Level 1:colcon.colcon_core.package_identification:_identify(journal) by extensions ['colcon_pkg']
[0.165s] Level 1:colcon.colcon_core.package_identification:_identify(journal) by extension 'colcon_pkg'
[0.165s] Level 1:colcon.colcon_core.package_identification:_identify(journal) by extensions ['colcon_meta']
[0.165s] Level 1:colcon.colcon_core.package_identification:_identify(journal) by extension 'colcon_meta'
[0.165s] Level 1:colcon.colcon_core.package_identification:_identify(journal) by extensions ['ros']
[0.165s] Level 1:colcon.colcon_core.package_identification:_identify(journal) by extension 'ros'
[0.165s] Level 1:colcon.colcon_core.package_identification:_identify(journal) by extensions ['cmake', 'python']
[0.165s] Level 1:colcon.colcon_core.package_identification:_identify(journal) by extension 'cmake'
[0.165s] Level 1:colcon.colcon_core.package_identification:_identify(journal) by extension 'python'
[0.165s] Level 1:colcon.colcon_core.package_identification:_identify(journal) by extensions ['python_setup_py']
[0.165s] Level 1:colcon.colcon_core.package_identification:_identify(journal) by extension 'python_setup_py'
[0.165s] Level 1:colcon.colcon_core.package_identification:_identify(log) by extensions ['ignore', 'ignore_ament_install']
[0.165s] Level 1:colcon.colcon_core.package_identification:_identify(log) by extension 'ignore'
[0.165s] Level 1:colcon.colcon_core.package_identification:_identify(log) ignored
[0.165s] Level 1:colcon.colcon_core.package_identification:_identify(src) by extensions ['ignore', 'ignore_ament_install']
[0.165s] Level 1:colcon.colcon_core.package_identification:_identify(src) by extension 'ignore'
[0.165s] Level 1:colcon.colcon_core.package_identification:_identify(src) by extension 'ignore_ament_install'
[0.165s] Level 1:colcon.colcon_core.package_identification:_identify(src) by extensions ['colcon_pkg']
[0.165s] Level 1:colcon.colcon_core.package_identification:_identify(src) by extension 'colcon_pkg'
[0.166s] Level 1:colcon.colcon_core.package_identification:_identify(src) by extensions ['colcon_meta']
[0.166s] Level 1:colcon.colcon_core.package_identification:_identify(src) by extension 'colcon_meta'
[0.166s] Level 1:colcon.colcon_core.package_identification:_identify(src) by extensions ['ros']
[0.166s] Level 1:colcon.colcon_core.package_identification:_identify(src) by extension 'ros'
[0.166s] Level 1:colcon.colcon_core.package_identification:_identify(src) by extensions ['cmake', 'python']
[0.166s] Level 1:colcon.colcon_core.package_identification:_identify(src) by extension 'cmake'
[0.166s] Level 1:colcon.colcon_core.package_identification:_identify(src) by extension 'python'
[0.166s] Level 1:colcon.colcon_core.package_identification:_identify(src) by extensions ['python_setup_py']
[0.166s] Level 1:colcon.colcon_core.package_identification:_identify(src) by extension 'python_setup_py'
[0.166s] Level 1:colcon.colcon_core.package_identification:_identify(src/robotic_arm) by extensions ['ignore', 'ignore_ament_install']
[0.166s] Level 1:colcon.colcon_core.package_identification:_identify(src/robotic_arm) by extension 'ignore'
[0.166s] Level 1:colcon.colcon_core.package_identification:_identify(src/robotic_arm) by extension 'ignore_ament_install'
[0.166s] Level 1:colcon.colcon_core.package_identification:_identify(src/robotic_arm) by extensions ['colcon_pkg']
[0.166s] Level 1:colcon.colcon_core.package_identification:_identify(src/robotic_arm) by extension 'colcon_pkg'
[0.166s] Level 1:colcon.colcon_core.package_identification:_identify(src/robotic_arm) by extensions ['colcon_meta']
[0.166s] Level 1:colcon.colcon_core.package_identification:_identify(src/robotic_arm) by extension 'colcon_meta'
[0.166s] Level 1:colcon.colcon_core.package_identification:_identify(src/robotic_arm) by extensions ['ros']
[0.166s] Level 1:colcon.colcon_core.package_identification:_identify(src/robotic_arm) by extension 'ros'
[0.168s] DEBUG:colcon.colcon_core.package_identification:Package 'src/robotic_arm' with type 'ros.ament_cmake' and name 'robotic_arm'
[0.168s] Level 1:colcon.colcon_core.package_discovery:discover_packages(recursive) using defaults
[0.168s] Level 1:colcon.colcon_core.package_discovery:discover_packages(ignore) discover
[0.168s] Level 1:colcon.colcon_core.package_discovery:discover_packages(ignore) using defaults
[0.168s] Level 1:colcon.colcon_core.package_discovery:discover_packages(path) discover
[0.168s] Level 1:colcon.colcon_core.package_discovery:discover_packages(path) using defaults
[0.180s] Level 5:colcon.colcon_core.verb:set package 'robotic_arm' build argument 'cmake_args' from command line to 'None'
[0.180s] Level 5:colcon.colcon_core.verb:set package 'robotic_arm' build argument 'cmake_target' from command line to 'None'
[0.180s] Level 5:colcon.colcon_core.verb:set package 'robotic_arm' build argument 'cmake_target_skip_unavailable' from command line to 'False'
[0.180s] Level 5:colcon.colcon_core.verb:set package 'robotic_arm' build argument 'cmake_clean_cache' from command line to 'False'
[0.180s] Level 5:colcon.colcon_core.verb:set package 'robotic_arm' build argument 'cmake_clean_first' from command line to 'False'
[0.180s] Level 5:colcon.colcon_core.verb:set package 'robotic_arm' build argument 'cmake_force_configure' from command line to 'False'
[0.180s] Level 5:colcon.colcon_core.verb:set package 'robotic_arm' build argument 'ament_cmake_args' from command line to 'None'
[0.180s] Level 5:colcon.colcon_core.verb:set package 'robotic_arm' build argument 'catkin_cmake_args' from command line to 'None'
[0.180s] Level 5:colcon.colcon_core.verb:set package 'robotic_arm' build argument 'catkin_skip_building_tests' from command line to 'False'
[0.180s] DEBUG:colcon.colcon_core.verb:Building package 'robotic_arm' with the following arguments: {'ament_cmake_args': None, 'build_base': '/workspaces/robotic_arm/build/robotic_arm', 'catkin_cmake_args': None, 'catkin_skip_building_tests': False, 'cmake_args': None, 'cmake_clean_cache': False, 'cmake_clean_first': False, 'cmake_force_configure': False, 'cmake_target': None, 'cmake_target_skip_unavailable': False, 'install_base': '/workspaces/robotic_arm/install/robotic_arm', 'merge_install': False, 'path': '/workspaces/robotic_arm/src/robotic_arm', 'symlink_install': True, 'test_result_base': None}
[0.181s] INFO:colcon.colcon_core.executor:Executing jobs using 'parallel' executor
[0.181s] DEBUG:colcon.colcon_parallel_executor.executor.parallel:run_until_complete
[0.182s] INFO:colcon.colcon_ros.task.ament_cmake.build:Building ROS package in '/workspaces/robotic_arm/src/robotic_arm' with build type 'ament_cmake'
[0.182s] INFO:colcon.colcon_cmake.task.cmake.build:Building CMake package in '/workspaces/robotic_arm/src/robotic_arm'
[0.183s] INFO:colcon.colcon_core.plugin_system:Skipping extension 'colcon_core.shell.bat': Not used on non-Windows systems
[0.183s] INFO:colcon.colcon_core.shell:Skip shell extension 'powershell' for command environment: Not usable outside of PowerShell
[0.183s] DEBUG:colcon.colcon_core.shell:Skip shell extension 'dsv' for command environment
[0.189s] DEBUG:colcon.colcon_core.event_handler.log_command:Invoking command in '/workspaces/robotic_arm/build/robotic_arm': CMAKE_PREFIX_PATH=/opt/ros/humble /usr/bin/cmake --build /workspaces/robotic_arm/build/robotic_arm -- -j12 -l12
[3.061s] DEBUG:colcon.colcon_core.event_handler.log_command:Invoked command in '/workspaces/robotic_arm/build/robotic_arm' returned '0': CMAKE_PREFIX_PATH=/opt/ros/humble /usr/bin/cmake --build /workspaces/robotic_arm/build/robotic_arm -- -j12 -l12
[3.067s] DEBUG:colcon.colcon_core.event_handler.log_command:Invoking command in '/workspaces/robotic_arm/build/robotic_arm': CMAKE_PREFIX_PATH=/opt/ros/humble /usr/bin/cmake --install /workspaces/robotic_arm/build/robotic_arm
[3.159s] Level 1:colcon.colcon_core.environment:create_environment_scripts_only(robotic_arm)
[3.160s] DEBUG:colcon.colcon_core.event_handler.log_command:Invoked command in '/workspaces/robotic_arm/build/robotic_arm' returned '0': CMAKE_PREFIX_PATH=/opt/ros/humble /usr/bin/cmake --install /workspaces/robotic_arm/build/robotic_arm
[3.161s] Level 1:colcon.colcon_core.environment:checking '/workspaces/robotic_arm/install/robotic_arm' for CMake module files
[3.161s] Level 1:colcon.colcon_core.environment:checking '/workspaces/robotic_arm/install/robotic_arm' for CMake config files
[3.162s] Level 1:colcon.colcon_core.shell:create_environment_hook('robotic_arm', 'cmake_prefix_path')
[3.162s] INFO:colcon.colcon_core.shell:Creating environment hook '/workspaces/robotic_arm/install/robotic_arm/share/robotic_arm/hook/cmake_prefix_path.ps1'
[3.162s] INFO:colcon.colcon_core.shell:Creating environment descriptor '/workspaces/robotic_arm/install/robotic_arm/share/robotic_arm/hook/cmake_prefix_path.dsv'
[3.163s] INFO:colcon.colcon_core.shell:Creating environment hook '/workspaces/robotic_arm/install/robotic_arm/share/robotic_arm/hook/cmake_prefix_path.sh'
[3.163s] Level 1:colcon.colcon_core.environment:checking '/workspaces/robotic_arm/install/robotic_arm/lib'
[3.163s] Level 1:colcon.colcon_core.environment:checking '/workspaces/robotic_arm/install/robotic_arm/bin'
[3.163s] Level 1:colcon.colcon_core.environment:checking '/workspaces/robotic_arm/install/robotic_arm/lib/pkgconfig/robotic_arm.pc'
[3.165s] Level 1:colcon.colcon_core.environment:checking '/workspaces/robotic_arm/install/robotic_arm/lib/python3.10/site-packages'
[3.165s] Level 1:colcon.colcon_core.environment:checking '/workspaces/robotic_arm/install/robotic_arm/bin'
[3.165s] INFO:colcon.colcon_core.shell:Creating package script '/workspaces/robotic_arm/install/robotic_arm/share/robotic_arm/package.ps1'
[3.166s] INFO:colcon.colcon_core.shell:Creating package descriptor '/workspaces/robotic_arm/install/robotic_arm/share/robotic_arm/package.dsv'
[3.166s] INFO:colcon.colcon_core.shell:Creating package script '/workspaces/robotic_arm/install/robotic_arm/share/robotic_arm/package.sh'
[3.166s] INFO:colcon.colcon_core.shell:Creating package script '/workspaces/robotic_arm/install/robotic_arm/share/robotic_arm/package.bash'
[3.167s] INFO:colcon.colcon_core.shell:Creating package script '/workspaces/robotic_arm/install/robotic_arm/share/robotic_arm/package.zsh'
[3.167s] Level 1:colcon.colcon_core.environment:create_file_with_runtime_dependencies(/workspaces/robotic_arm/install/robotic_arm/share/colcon-core/packages/robotic_arm)
[3.168s] Level 1:colcon.colcon_core.environment:create_environment_scripts_only(robotic_arm)
[3.168s] Level 1:colcon.colcon_core.environment:checking '/workspaces/robotic_arm/install/robotic_arm' for CMake module files
[3.168s] Level 1:colcon.colcon_core.environment:checking '/workspaces/robotic_arm/install/robotic_arm' for CMake config files
[3.168s] Level 1:colcon.colcon_core.shell:create_environment_hook('robotic_arm', 'cmake_prefix_path')
[3.168s] INFO:colcon.colcon_core.shell:Creating environment hook '/workspaces/robotic_arm/install/robotic_arm/share/robotic_arm/hook/cmake_prefix_path.ps1'
[3.169s] INFO:colcon.colcon_core.shell:Creating environment descriptor '/workspaces/robotic_arm/install/robotic_arm/share/robotic_arm/hook/cmake_prefix_path.dsv'
[3.169s] INFO:colcon.colcon_core.shell:Creating environment hook '/workspaces/robotic_arm/install/robotic_arm/share/robotic_arm/hook/cmake_prefix_path.sh'
[3.169s] Level 1:colcon.colcon_core.environment:checking '/workspaces/robotic_arm/install/robotic_arm/lib'
[3.169s] Level 1:colcon.colcon_core.environment:checking '/workspaces/robotic_arm/install/robotic_arm/bin'
[3.169s] Level 1:colcon.colcon_core.environment:checking '/workspaces/robotic_arm/install/robotic_arm/lib/pkgconfig/robotic_arm.pc'
[3.169s] Level 1:colcon.colcon_core.environment:checking '/workspaces/robotic_arm/install/robotic_arm/lib/python3.10/site-packages'
[3.170s] Level 1:colcon.colcon_core.environment:checking '/workspaces/robotic_arm/install/robotic_arm/bin'
[3.170s] INFO:colcon.colcon_core.shell:Creating package script '/workspaces/robotic_arm/install/robotic_arm/share/robotic_arm/package.ps1'
[3.170s] INFO:colcon.colcon_core.shell:Creating package descriptor '/workspaces/robotic_arm/install/robotic_arm/share/robotic_arm/package.dsv'
[3.170s] INFO:colcon.colcon_core.shell:Creating package script '/workspaces/robotic_arm/install/robotic_arm/share/robotic_arm/package.sh'
[3.171s] INFO:colcon.colcon_core.shell:Creating package script '/workspaces/robotic_arm/install/robotic_arm/share/robotic_arm/package.bash'
[3.171s] INFO:colcon.colcon_core.shell:Creating package script '/workspaces/robotic_arm/install/robotic_arm/share/robotic_arm/package.zsh'
[3.171s] Level 1:colcon.colcon_core.environment:create_file_with_runtime_dependencies(/workspaces/robotic_arm/install/robotic_arm/share/colcon-core/packages/robotic_arm)
[3.171s] DEBUG:colcon.colcon_parallel_executor.executor.parallel:closing loop
[3.171s] DEBUG:colcon.colcon_parallel_executor.executor.parallel:loop closed
[3.171s] DEBUG:colcon.colcon_parallel_executor.executor.parallel:run_until_complete finished with '0'
[3.172s] DEBUG:colcon.colcon_core.event_reactor:joining thread
[3.175s] INFO:colcon.colcon_core.plugin_system:Skipping extension 'colcon_notification.desktop_notification.notify_send': Could not find 'notify-send'
[3.175s] INFO:colcon.colcon_core.plugin_system:Skipping extension 'colcon_notification.desktop_notification.terminal_notifier': Not used on non-Darwin systems
[3.175s] INFO:colcon.colcon_core.plugin_system:Skipping extension 'colcon_notification.desktop_notification.win32': Not used on non-Windows systems
[3.175s] INFO:colcon.colcon_notification.desktop_notification:Sending desktop notification using 'notify2'
[3.177s] DEBUG:colcon.colcon_notification.desktop_notification.notify2:Failed to initialize notify2: org.freedesktop.DBus.Error.Spawn.ExecFailed: /usr/bin/dbus-launch terminated abnormally without any error message
[3.177s] DEBUG:colcon.colcon_core.event_reactor:joined thread
[3.177s] INFO:colcon.colcon_core.shell:Creating prefix script '/workspaces/robotic_arm/install/local_setup.ps1'
[3.179s] INFO:colcon.colcon_core.shell:Creating prefix util module '/workspaces/robotic_arm/install/_local_setup_util_ps1.py'
[3.180s] INFO:colcon.colcon_core.shell:Creating prefix chain script '/workspaces/robotic_arm/install/setup.ps1'
[3.181s] INFO:colcon.colcon_core.shell:Creating prefix script '/workspaces/robotic_arm/install/local_setup.sh'
[3.181s] INFO:colcon.colcon_core.shell:Creating prefix util module '/workspaces/robotic_arm/install/_local_setup_util_sh.py'
[3.182s] INFO:colcon.colcon_core.shell:Creating prefix chain script '/workspaces/robotic_arm/install/setup.sh'
[3.182s] INFO:colcon.colcon_core.shell:Creating prefix script '/workspaces/robotic_arm/install/local_setup.bash'
[3.183s] INFO:colcon.colcon_core.shell:Creating prefix chain script '/workspaces/robotic_arm/install/setup.bash'
[3.184s] INFO:colcon.colcon_core.shell:Creating prefix script '/workspaces/robotic_arm/install/local_setup.zsh'
[3.184s] INFO:colcon.colcon_core.shell:Creating prefix chain script '/workspaces/robotic_arm/install/setup.zsh'
